Build started 06/10/2015 14:36:43.
     1>Project "C:\Users\Spirit\Documents\GitHub\roguelikeCPP\Dungeons\Dungeons\Dungeons.vcxproj" on node 2 (Build target(s)).
     1>ClCompile:
         D:\Program Files\VC\bin\CL.exe /c /ZI /nologo /W3 /WX- /sdl /Od /Oy- /D WIN32 /D _DEBUG /D _CONSOLE /D _LIB /D _UNICODE /D UNICODE /Gm /EHsc /RTC1 /MDd /GS /fp:precise /Zc:wchar_t /Zc:forScope /Yc"stdafx.h" /Fp"Debug\Dungeons.pch" /Fo"Debug\\" /Fd"Debug\vc120.pdb" /Gd /TP /analyze- /errorReport:prompt stdafx.cpp
         stdafx.cpp
         D:\Program Files\VC\bin\CL.exe /c /ZI /nologo /W3 /WX- /sdl /Od /Oy- /D WIN32 /D _DEBUG /D _CONSOLE /D _LIB /D _UNICODE /D UNICODE /Gm /EHsc /RTC1 /MDd /GS /fp:precise /Zc:wchar_t /Zc:forScope /Yu"stdafx.h" /Fp"Debug\Dungeons.pch" /Fo"Debug\\" /Fd"Debug\vc120.pdb" /Gd /TP /analyze- /errorReport:prompt Dungeons.cpp Hallway.cpp Hero.cpp Item.cpp Monster.cpp Playingfield.cpp Room.cpp Square.cpp
         Square.cpp
         Room.cpp
         Playingfield.cpp
         Monster.cpp
         Item.cpp
         Hero.cpp
         Hallway.cpp
         Dungeons.cpp
         Generating Code...
       Link:
         D:\Program Files\VC\bin\link.exe /ERRORREPORT:PROMPT /OUT:"C:\Users\Spirit\Documents\GitHub\roguelikeCPP\Dungeons\Debug\Dungeons.exe" /INCREMENTAL /NOLOGO kernel32.lib user32.lib gdi32.lib winspool.lib comdlg32.lib advapi32.lib shell32.lib ole32.lib oleaut32.lib uuid.lib odbc32.lib odbccp32.lib /MANIFEST /MANIFESTUAC:"level='asInvoker' uiAccess='false'" /manifest:embed /DEBUG /PDB:"C:\Users\Spirit\Documents\GitHub\roguelikeCPP\Dungeons\Debug\Dungeons.pdb" /SUBSYSTEM:CONSOLE /TLBID:1 /DYNAMICBASE /NXCOMPAT /IMPLIB:"C:\Users\Spirit\Documents\GitHub\roguelikeCPP\Dungeons\Debug\Dungeons.lib" /MACHINE:X86 Debug\Dungeons.obj
         Debug\Hallway.obj
         Debug\Hero.obj
         Debug\Item.obj
         Debug\Monster.obj
         Debug\Playingfield.obj
         Debug\Room.obj
         Debug\Square.obj
         Debug\stdafx.obj
         Dungeons.vcxproj -> C:\Users\Spirit\Documents\GitHub\roguelikeCPP\Dungeons\Debug\Dungeons.exe
     1>Done Building Project "C:\Users\Spirit\Documents\GitHub\roguelikeCPP\Dungeons\Dungeons\Dungeons.vcxproj" (Build target(s)).

Build succeeded.

Time Elapsed 00:00:02.73
